Compiling the C compiler identification source file "CMakeCCompilerId.c" failed.
Compiler: C:/Program Files (x86)/Microsoft Visual Studio 14.0/VC/bin/cl.exe 
Build flags: 
Id flags: 

The output was:
2
Microsoft (R) C/C++-Optimierungscompiler Version 19.00.23918 fÅr x86
Copyright (C) Microsoft Corporation. Alle Rechte vorbehalten.

CMakeCCompilerId.c
Microsoft (R) Incremental Linker Version 14.00.23918.0
Copyright (C) Microsoft Corporation.  All rights reserved.

/out:CMakeCCompilerId.exe 
CMakeCCompilerId.obj 
LINK : fatal error LNK1104: Datei "LIBCMT.lib" kann nicht geˆffnet werden.


Compiling the CXX compiler identification source file "CMakeCXXCompilerId.cpp" failed.
Compiler: C:/Program Files (x86)/Microsoft Visual Studio 14.0/VC/bin/cl.exe 
Build flags: 
Id flags: 

The output was:
2
Microsoft (R) C/C++-Optimierungscompiler Version 19.00.23918 fÅr x86
Copyright (C) Microsoft Corporation. Alle Rechte vorbehalten.

CMakeCXXCompilerId.cpp
Microsoft (R) Incremental Linker Version 14.00.23918.0
Copyright (C) Microsoft Corporation.  All rights reserved.

/out:CMakeCXXCompilerId.exe 
CMakeCXXCompilerId.obj 
LINK : fatal error LNK1104: Datei "LIBCMT.lib" kann nicht geˆffnet werden.


Determining if the C compiler works failed with the following output:
Change Dir: C:/Users/Bene/Sync/Dropbox/Dokumente/Studium/Scientific Programming/scprog-exercises/Exercise_4/CMakeFiles/CMakeTmp

Run Build Command:"nmake" "/NOLOGO" "cmTC_b0a5c\fast"
	"C:\Program Files (x86)\Microsoft Visual Studio 14.0\VC\bin\nmake.exe" -f CMakeFiles\cmTC_b0a5c.dir\build.make /nologo -L                  CMakeFiles\cmTC_b0a5c.dir\build
Building C object CMakeFiles/cmTC_b0a5c.dir/testCCompiler.c.obj
	C:\PROGRA~2\MICROS~1.0\VC\bin\cl.exe  @C:\Users\Bene\AppData\Local\Temp\nm3A7E.tmp
testCCompiler.c
Linking C executable cmTC_b0a5c.exe
	"C:\Program Files (x86)\CMake\bin\cmake.exe" -E vs_link_exe --intdir=CMakeFiles\cmTC_b0a5c.dir --manifests  -- C:\PROGRA~2\MICROS~1.0\VC\bin\link.exe /nologo @CMakeFiles\cmTC_b0a5c.dir\objects1.rsp @C:\Users\Bene\AppData\Local\Temp\nm3ACD.tmp
RC Pass 1 failed to run.
NMAKE : fatal error U1077: ""C:\Program Files (x86)\CMake\bin\cmake.exe"": R¸ckgabe-Code "0xffffffff"
Stop.
NMAKE : fatal error U1077: ""C:\Program Files (x86)\Microsoft Visual Studio 14.0\VC\bin\nmake.exe"": R¸ckgabe-Code "0x2"
Stop.


